<?xml version="1.0" encoding="UTF-8" standalone="no" ?>
<testsuites>
  <testsuite errors="0" failures="0" name="BEV_UnitTest_MQC" skipped="0" tests="14" time="107.5744">
    <testcase classname="BEV_UnitTest_MQC" name="MQC_CallbackButtons_1" time="8.6818"/>
    <testcase classname="BEV_UnitTest_MQC" name="MQC_TopFolder_1" time="15.3408"/>
    <testcase classname="BEV_UnitTest_MQC" name="MQC_TopFolder_2" time="0.28512"/>
    <testcase classname="BEV_UnitTest_MQC" name="MQC_TopFolder_3" time="9.0809"/>
    <testcase classname="BEV_UnitTest_MQC" name="MQC_SimulationCases_1_1" time="8.8729"/>
    <testcase classname="BEV_UnitTest_MQC" name="MQC_SimulationCases_1_2" time="17.8224"/>
    <testcase classname="BEV_UnitTest_MQC" name="MQC_SimulationCases_1_3" time="9.3693"/>
    <testcase classname="BEV_UnitTest_MQC" name="MQC_SimulationCases_1_4" time="8.4066"/>
    <testcase classname="BEV_UnitTest_MQC" name="MQC_SimulationCases_2_1" time="9.4935"/>
    <testcase classname="BEV_UnitTest_MQC" name="MQC_SimulationCases_2_2" time="9.1903"/>
    <testcase classname="BEV_UnitTest_MQC" name="MQC_Configuration_1" time="0.94432"/>
    <testcase classname="BEV_UnitTest_MQC" name="MQC_Configuration_2" time="1.2705"/>
    <testcase classname="BEV_UnitTest_MQC" name="MQC_Utility_1" time="0.008466"/>
    <testcase classname="BEV_UnitTest_MQC" name="MQC_Utility_2" time="8.8075"/>
  </testsuite>
  <testsuite errors="0" failures="0" name="BatteryHV_UnitTest" skipped="0" tests="3" time="1.4629">
    <testcase classname="BatteryHV_UnitTest" name="blockParameters_BatteryHV_Basic" time="0.42521"/>
    <testcase classname="BatteryHV_UnitTest" name="blockParameters_BatteryHV_Driveline" time="0.42595"/>
    <testcase classname="BatteryHV_UnitTest" name="blockParameters_BatteryHV_Electrical" time="0.6117"/>
  </testsuite>
  <testsuite errors="0" failures="0" name="BatteryHV_UnitTest_MQC" skipped="0" tests="43" time="58.8695">
    <testcase classname="BatteryHV_UnitTest_MQC" name="MQC_CallbackButtons_1" time="2.0806"/>
    <testcase classname="BatteryHV_UnitTest_MQC" name="MQC_Harness_2" time="2.2598"/>
    <testcase classname="BatteryHV_UnitTest_MQC" name="MQC_Harness_3" time="1.9463"/>
    <testcase classname="BatteryHV_UnitTest_MQC" name="MQC_Harness_4" time="2.0265"/>
    <testcase classname="BatteryHV_UnitTest_MQC" name="MQC_Model_TableBased_1" time="0.83582"/>
    <testcase classname="BatteryHV_UnitTest_MQC" name="MQC_Model_TableBased_2" time="1.0932"/>
    <testcase classname="BatteryHV_UnitTest_MQC" name="MQC_SimulationCase_1" time="3.6319"/>
    <testcase classname="BatteryHV_UnitTest_MQC" name="MQC_SimulationCase_2" time="3.4936"/>
    <testcase classname="BatteryHV_UnitTest_MQC" name="MQC_SimulationCase_3" time="3.4491"/>
    <testcase classname="BatteryHV_UnitTest_MQC" name="MQC_SimulationCase_4" time="3.1892"/>
    <testcase classname="BatteryHV_UnitTest_MQC" name="MQC_Configuration_1" time="0.22598"/>
    <testcase classname="BatteryHV_UnitTest_MQC" name="MQC_Configuration_2" time="0.2927"/>
    <testcase classname="BatteryHV_UnitTest_MQC" name="MQC_Configuration_3" time="0.27462"/>
    <testcase classname="BatteryHV_UnitTest_MQC" name="MQC_Configuration_4" time="0.22403"/>
    <testcase classname="BatteryHV_UnitTest_MQC" name="MQC_Configuration_5" time="0.20937"/>
    <testcase classname="BatteryHV_UnitTest_MQC" name="MQC_Configuration_6" time="0.0087201"/>
    <testcase classname="BatteryHV_UnitTest_MQC" name="MQC_Configuration_7" time="0.42662"/>
    <testcase classname="BatteryHV_UnitTest_MQC" name="MQC_Configuration_8" time="0.38716"/>
    <testcase classname="BatteryHV_UnitTest_MQC" name="MQC_Configuration_9" time="0.42703"/>
    <testcase classname="BatteryHV_UnitTest_MQC" name="MQC_Configuration_10" time="0.41606"/>
    <testcase classname="BatteryHV_UnitTest_MQC" name="MQC_Configuration_11" time="0.29378"/>
    <testcase classname="BatteryHV_UnitTest_MQC" name="MQC_Utility_1" time="0.0066705"/>
    <testcase classname="BatteryHV_UnitTest_MQC" name="MQC_Utility_2" time="0.0093772"/>
    <testcase classname="BatteryHV_UnitTest_MQC" name="MQC_Utility_3" time="0.38817"/>
    <testcase classname="BatteryHV_UnitTest_MQC" name="MQC_Utility_4" time="0.56358"/>
    <testcase classname="BatteryHV_UnitTest_MQC" name="MQC_Utility_5" time="3.3174"/>
    <testcase classname="BatteryHV_UnitTest_MQC" name="MQC_TopFolder_1" time="0.0049063"/>
    <testcase classname="BatteryHV_UnitTest_MQC" name="MQC_TopFolder_2" time="0.0081388"/>
    <testcase classname="BatteryHV_UnitTest_MQC" name="MQC_TopFolder_3" time="0.0069654"/>
    <testcase classname="BatteryHV_UnitTest_MQC" name="MQC_TopFolder_4" time="0.010286"/>
    <testcase classname="BatteryHV_UnitTest_MQC" name="MQC_TopFolder_5" time="0.019437"/>
    <testcase classname="BatteryHV_UnitTest_MQC" name="MQC_Harness_combination_1(useRefSubFunction=@BatteryHV_useRefsub_Basic,loadSimulationCaseFunction=@BatteryHV_loadSimulationCase_Constant)" time="1.8924"/>
    <testcase classname="BatteryHV_UnitTest_MQC" name="MQC_Harness_combination_1(useRefSubFunction=@BatteryHV_useRefsub_Basic,loadSimulationCaseFunction=@BatteryHV_loadSimulationCase_Charge)" time="1.8584"/>
    <testcase classname="BatteryHV_UnitTest_MQC" name="MQC_Harness_combination_1(useRefSubFunction=@BatteryHV_useRefsub_Basic,loadSimulationCaseFunction=@BatteryHV_loadSimulationCase_Discharge)" time="1.8751"/>
    <testcase classname="BatteryHV_UnitTest_MQC" name="MQC_Harness_combination_1(useRefSubFunction=@BatteryHV_useRefsub_Basic,loadSimulationCaseFunction=@BatteryHV_loadSimulationCase_Random)" time="2.1313"/>
    <testcase classname="BatteryHV_UnitTest_MQC" name="MQC_Harness_combination_1(useRefSubFunction=@BatteryHV_useRefsub_SystemSimple,loadSimulationCaseFunction=@BatteryHV_loadSimulationCase_Constant)" time="2.3056"/>
    <testcase classname="BatteryHV_UnitTest_MQC" name="MQC_Harness_combination_1(useRefSubFunction=@BatteryHV_useRefsub_SystemSimple,loadSimulationCaseFunction=@BatteryHV_loadSimulationCase_Charge)" time="2.2521"/>
    <testcase classname="BatteryHV_UnitTest_MQC" name="MQC_Harness_combination_1(useRefSubFunction=@BatteryHV_useRefsub_SystemSimple,loadSimulationCaseFunction=@BatteryHV_loadSimulationCase_Discharge)" time="2.1902"/>
    <testcase classname="BatteryHV_UnitTest_MQC" name="MQC_Harness_combination_1(useRefSubFunction=@BatteryHV_useRefsub_SystemSimple,loadSimulationCaseFunction=@BatteryHV_loadSimulationCase_Random)" time="2.3118"/>
    <testcase classname="BatteryHV_UnitTest_MQC" name="MQC_Harness_combination_1(useRefSubFunction=@BatteryHV_useRefsub_System,loadSimulationCaseFunction=@BatteryHV_loadSimulationCase_Constant)" time="2.5973"/>
    <testcase classname="BatteryHV_UnitTest_MQC" name="MQC_Harness_combination_1(useRefSubFunction=@BatteryHV_useRefsub_System,loadSimulationCaseFunction=@BatteryHV_loadSimulationCase_Charge)" time="2.5543"/>
    <testcase classname="BatteryHV_UnitTest_MQC" name="MQC_Harness_combination_1(useRefSubFunction=@BatteryHV_useRefsub_System,loadSimulationCaseFunction=@BatteryHV_loadSimulationCase_Discharge)" time="2.7318"/>
    <testcase classname="BatteryHV_UnitTest_MQC" name="MQC_Harness_combination_1(useRefSubFunction=@BatteryHV_useRefsub_System,loadSimulationCaseFunction=@BatteryHV_loadSimulationCase_Random)" time="2.6421"/>
  </testsuite>
  <testsuite errors="0" failures="0" name="BEVController_UnitTest_MQC" skipped="0" tests="4" time="2.0458">
    <testcase classname="BEVController_UnitTest_MQC" name="MQC_Harness_1" time="0.69118"/>
    <testcase classname="BEVController_UnitTest_MQC" name="MQC_Harness_2" time="0.0033263"/>
    <testcase classname="BEVController_UnitTest_MQC" name="MQC_SimulationCase_1" time="1.3478"/>
    <testcase classname="BEVController_UnitTest_MQC" name="MQC_TopFolder_1" time="0.0034643"/>
  </testsuite>
  <testsuite errors="0" failures="0" name="CtrlEnv_UnitTest_MQC" skipped="0" tests="13" time="66.4797">
    <testcase classname="CtrlEnv_UnitTest_MQC" name="MQC_CallbackButtons_1" time="5.0492"/>
    <testcase classname="CtrlEnv_UnitTest_MQC" name="MQC_Harness_1" time="5.9636"/>
    <testcase classname="CtrlEnv_UnitTest_MQC" name="MQC_Harness_2" time="0.0044158"/>
    <testcase classname="CtrlEnv_UnitTest_MQC" name="MQC_SimulationCase_1" time="9.8349"/>
    <testcase classname="CtrlEnv_UnitTest_MQC" name="MQC_SimulationCase_2" time="13.7937"/>
    <testcase classname="CtrlEnv_UnitTest_MQC" name="MQC_SimulationCase_3" time="10.3615"/>
    <testcase classname="CtrlEnv_UnitTest_MQC" name="MQC_SimulationCase_4" time="10.3478"/>
    <testcase classname="CtrlEnv_UnitTest_MQC" name="MQC_Configuration_1" time="0.34734"/>
    <testcase classname="CtrlEnv_UnitTest_MQC" name="MQC_Configuration_2" time="0.28847"/>
    <testcase classname="CtrlEnv_UnitTest_MQC" name="MQC_Configuration_3" time="0.31196"/>
    <testcase classname="CtrlEnv_UnitTest_MQC" name="MQC_Configuration_4" time="0.28898"/>
    <testcase classname="CtrlEnv_UnitTest_MQC" name="MQC_Configuration_5" time="0.28817"/>
    <testcase classname="CtrlEnv_UnitTest_MQC" name="MQC_Utility_1" time="9.5996"/>
  </testsuite>
  <testsuite errors="0" failures="0" name="MotorDriveUnit_UnitTest_MQC" skipped="0" tests="43" time="87.3855">
    <testcase classname="MotorDriveUnit_UnitTest_MQC" name="MQC_CallbackButtons_1" time="2.0031"/>
    <testcase classname="MotorDriveUnit_UnitTest_MQC" name="MQC_TopFolder_1" time="0.017407"/>
    <testcase classname="MotorDriveUnit_UnitTest_MQC" name="MQC_TopFolder_2" time="0.01128"/>
    <testcase classname="MotorDriveUnit_UnitTest_MQC" name="MQC_TopFolder_3" time="0.010712"/>
    <testcase classname="MotorDriveUnit_UnitTest_MQC" name="MQC_TopFolder_4" time="0.011162"/>
    <testcase classname="MotorDriveUnit_UnitTest_MQC" name="MQC_Configurarion_loadSim_1" time="0.44606"/>
    <testcase classname="MotorDriveUnit_UnitTest_MQC" name="MQC_Configurarion_loadSim_2" time="0.37558"/>
    <testcase classname="MotorDriveUnit_UnitTest_MQC" name="MQC_Configurarion_loadSim_3" time="0.42235"/>
    <testcase classname="MotorDriveUnit_UnitTest_MQC" name="MQC_Configurarion_loadSim_4" time="0.63592"/>
    <testcase classname="MotorDriveUnit_UnitTest_MQC" name="MQC_Configurarion_loadSim_5" time="0.41395"/>
    <testcase classname="MotorDriveUnit_UnitTest_MQC" name="MQC_Configurarion_setInit" time="0.0055242"/>
    <testcase classname="MotorDriveUnit_UnitTest_MQC" name="MQC_Configurarion_useRefsub_1" time="0.30396"/>
    <testcase classname="MotorDriveUnit_UnitTest_MQC" name="MQC_Configurarion_useRefsub_2" time="0.28823"/>
    <testcase classname="MotorDriveUnit_UnitTest_MQC" name="MQC_Configurarion_useRefsub_3" time="0.47366"/>
    <testcase classname="MotorDriveUnit_UnitTest_MQC" name="MQC_Configurarion_useRefsub_4" time="0.43459"/>
    <testcase classname="MotorDriveUnit_UnitTest_MQC" name="MQC_Configurarion_useRefsub_5" time="0.45833"/>
    <testcase classname="MotorDriveUnit_UnitTest_MQC" name="MQC_Harness_1" time="2.6048"/>
    <testcase classname="MotorDriveUnit_UnitTest_MQC" name="MQC_Harness_2" time="0.0090156"/>
    <testcase classname="MotorDriveUnit_UnitTest_MQC" name="MQC_Notes_1" time="0.55044"/>
    <testcase classname="MotorDriveUnit_UnitTest_MQC" name="MQC_Notes_2" time="0.54781"/>
    <testcase classname="MotorDriveUnit_UnitTest_MQC" name="MQC_TestCases_1" time="6.5419"/>
    <testcase classname="MotorDriveUnit_UnitTest_MQC" name="MQC_TestCases_2" time="6.401"/>
    <testcase classname="MotorDriveUnit_UnitTest_MQC" name="MQC_TestCases_3" time="6.6437"/>
    <testcase classname="MotorDriveUnit_UnitTest_MQC" name="MQC_TestCases_4" time="5.025"/>
    <testcase classname="MotorDriveUnit_UnitTest_MQC" name="MQC_Utility_1" time="0.42899"/>
    <testcase classname="MotorDriveUnit_UnitTest_MQC" name="MQC_Utility_2" time="0.12975"/>
    <testcase classname="MotorDriveUnit_UnitTest_MQC" name="MQC_Utility_3" time="0.15713"/>
    <testcase classname="MotorDriveUnit_UnitTest_MQC" name="MQC_Harness_combination_1(useRefSubFunction=@MotorDriveUnit_useRefsub_Basic,loadSimulationCaseFunction=@MotorDriveUnit_loadCase_Constant)" time="2.8722"/>
    <testcase classname="MotorDriveUnit_UnitTest_MQC" name="MQC_Harness_combination_1(useRefSubFunction=@MotorDriveUnit_useRefsub_Basic,loadSimulationCaseFunction=@MotorDriveUnit_loadCase_Drive)" time="3.1247"/>
    <testcase classname="MotorDriveUnit_UnitTest_MQC" name="MQC_Harness_combination_1(useRefSubFunction=@MotorDriveUnit_useRefsub_Basic,loadSimulationCaseFunction=@MotorDriveUnit_loadCase_Random)" time="3.3438"/>
    <testcase classname="MotorDriveUnit_UnitTest_MQC" name="MQC_Harness_combination_1(useRefSubFunction=@MotorDriveUnit_useRefsub_Basic,loadSimulationCaseFunction=@MotorDriveUnit_loadCase_RegenBrake)" time="2.6829"/>
    <testcase classname="MotorDriveUnit_UnitTest_MQC" name="MQC_Harness_combination_1(useRefSubFunction=@MotorDriveUnit_useRefsub_BasicThermal,loadSimulationCaseFunction=@MotorDriveUnit_loadCase_Constant)" time="3.2846"/>
    <testcase classname="MotorDriveUnit_UnitTest_MQC" name="MQC_Harness_combination_1(useRefSubFunction=@MotorDriveUnit_useRefsub_BasicThermal,loadSimulationCaseFunction=@MotorDriveUnit_loadCase_Drive)" time="3.5064"/>
    <testcase classname="MotorDriveUnit_UnitTest_MQC" name="MQC_Harness_combination_1(useRefSubFunction=@MotorDriveUnit_useRefsub_BasicThermal,loadSimulationCaseFunction=@MotorDriveUnit_loadCase_Random)" time="3.8929"/>
    <testcase classname="MotorDriveUnit_UnitTest_MQC" name="MQC_Harness_combination_1(useRefSubFunction=@MotorDriveUnit_useRefsub_BasicThermal,loadSimulationCaseFunction=@MotorDriveUnit_loadCase_RegenBrake)" time="3.1658"/>
    <testcase classname="MotorDriveUnit_UnitTest_MQC" name="MQC_Harness_combination_1(useRefSubFunction=@MotorDriveUnit_useRefsub_System,loadSimulationCaseFunction=@MotorDriveUnit_loadCase_Constant)" time="3.3249"/>
    <testcase classname="MotorDriveUnit_UnitTest_MQC" name="MQC_Harness_combination_1(useRefSubFunction=@MotorDriveUnit_useRefsub_System,loadSimulationCaseFunction=@MotorDriveUnit_loadCase_Drive)" time="3.2654"/>
    <testcase classname="MotorDriveUnit_UnitTest_MQC" name="MQC_Harness_combination_1(useRefSubFunction=@MotorDriveUnit_useRefsub_System,loadSimulationCaseFunction=@MotorDriveUnit_loadCase_Random)" time="3.6409"/>
    <testcase classname="MotorDriveUnit_UnitTest_MQC" name="MQC_Harness_combination_1(useRefSubFunction=@MotorDriveUnit_useRefsub_System,loadSimulationCaseFunction=@MotorDriveUnit_loadCase_RegenBrake)" time="3.4501"/>
    <testcase classname="MotorDriveUnit_UnitTest_MQC" name="MQC_Harness_combination_1(useRefSubFunction=@MotorDriveUnit_useRefsub_SystemTable,loadSimulationCaseFunction=@MotorDriveUnit_loadCase_Constant)" time="3.0172"/>
    <testcase classname="MotorDriveUnit_UnitTest_MQC" name="MQC_Harness_combination_1(useRefSubFunction=@MotorDriveUnit_useRefsub_SystemTable,loadSimulationCaseFunction=@MotorDriveUnit_loadCase_Drive)" time="3.064"/>
    <testcase classname="MotorDriveUnit_UnitTest_MQC" name="MQC_Harness_combination_1(useRefSubFunction=@MotorDriveUnit_useRefsub_SystemTable,loadSimulationCaseFunction=@MotorDriveUnit_loadCase_Random)" time="3.3473"/>
    <testcase classname="MotorDriveUnit_UnitTest_MQC" name="MQC_Harness_combination_1(useRefSubFunction=@MotorDriveUnit_useRefsub_SystemTable,loadSimulationCaseFunction=@MotorDriveUnit_loadCase_RegenBrake)" time="3.0511"/>
  </testsuite>
  <testsuite errors="0" failures="0" name="Vehicle1D_UnitTest" skipped="0" tests="1" time="0.28056">
    <testcase classname="Vehicle1D_UnitTest" name="blockParameters_Vehicle1D_Driveline" time="0.28056"/>
  </testsuite>
  <testsuite errors="0" failures="0" name="Vehicle1D_UnitTest_MQC" skipped="0" tests="16" time="32.4655">
    <testcase classname="Vehicle1D_UnitTest_MQC" name="MQC_topfolder_1" time="0.011252"/>
    <testcase classname="Vehicle1D_UnitTest_MQC" name="MQC_Configuation_1" time="0.33386"/>
    <testcase classname="Vehicle1D_UnitTest_MQC" name="MQC_Configuation_2" time="0.27585"/>
    <testcase classname="Vehicle1D_UnitTest_MQC" name="MQC_Configuation_3" time="0.32134"/>
    <testcase classname="Vehicle1D_UnitTest_MQC" name="MQC_Configuation_4" time="0.27405"/>
    <testcase classname="Vehicle1D_UnitTest_MQC" name="MQC_Configuation_5" time="0.28019"/>
    <testcase classname="Vehicle1D_UnitTest_MQC" name="MQC_Harness_1" time="0.0038836"/>
    <testcase classname="Vehicle1D_UnitTest_MQC" name="MQC_TestCase_1" time="4.3456"/>
    <testcase classname="Vehicle1D_UnitTest_MQC" name="MQC_TestCase_2" time="4.133"/>
    <testcase classname="Vehicle1D_UnitTest_MQC" name="MQC_TestCase_3" time="4.0312"/>
    <testcase classname="Vehicle1D_UnitTest_MQC" name="MQC_TestCase_4" time="4.0545"/>
    <testcase classname="Vehicle1D_UnitTest_MQC" name="MQC_Utility_1" time="3.6304"/>
    <testcase classname="Vehicle1D_UnitTest_MQC" name="MQC_Utility_2" time="1.0266"/>
    <testcase classname="Vehicle1D_UnitTest_MQC" name="MQC_Utility_3" time="5.1818"/>
    <testcase classname="Vehicle1D_UnitTest_MQC" name="MQC_Utility_4" time="4.2028"/>
    <testcase classname="Vehicle1D_UnitTest_MQC" name="MQC_Utility_5" time="0.35919"/>
  </testsuite>
  <testsuite errors="0" failures="0" name="Vehicle1DPerformanceDesignApp_uitest" skipped="0" tests="6" time="102.6246">
    <testcase classname="Vehicle1DPerformanceDesignApp_uitest" name="MQC_Vehicle1DPerformanceDesignApp" time="16.572"/>
    <testcase classname="Vehicle1DPerformanceDesignApp_uitest" name="uitest_Information" time="15.8594"/>
    <testcase classname="Vehicle1DPerformanceDesignApp_uitest" name="uitest_EditField_Mass" time="16.1119"/>
    <testcase classname="Vehicle1DPerformanceDesignApp_uitest" name="uitest_Preset" time="17.4307"/>
    <testcase classname="Vehicle1DPerformanceDesignApp_uitest" name="uitest_OpenFigure" time="16.1221"/>
    <testcase classname="Vehicle1DPerformanceDesignApp_uitest" name="uitest_UpdateButton" time="20.5284"/>
  </testsuite>
  <testsuite errors="0" failures="0" name="VehSpdRef_harness_model_test" skipped="0" tests="1" time="3.7329">
    <testcase classname="VehSpdRef_harness_model_test" name="MQC_sim_1" time="3.7329"/>
  </testsuite>
  <testsuite errors="0" failures="0" name="VehSpdRef_Case_test" skipped="0" tests="4" time="16.2698">
    <testcase classname="VehSpdRef_Case_test" name="MQC_SimCase_Constant_1" time="4.3094"/>
    <testcase classname="VehSpdRef_Case_test" name="MQC_SimCase_FTP75_1" time="3.9941"/>
    <testcase classname="VehSpdRef_Case_test" name="MQC_SimCase_HighSpeed_1" time="3.991"/>
    <testcase classname="VehSpdRef_Case_test" name="MQC_SimCase_SimpleDrivePattern_1" time="3.9753"/>
  </testsuite>
  <testsuite errors="0" failures="0" name="BEVProject_UnitTest_MQC" skipped="0" tests="9" time="19.6454">
    <testcase classname="BEVProject_UnitTest_MQC" name="MQC_SignalDesigner_1" time="0.03336"/>
    <testcase classname="BEVProject_UnitTest_MQC" name="MQC_SignalDesigner_2" time="0.0089675"/>
    <testcase classname="BEVProject_UnitTest_MQC" name="MQC_SignalDesigner_3" time="1.837"/>
    <testcase classname="BEVProject_UnitTest_MQC" name="MQC_SignalDesigner_4" time="0.0075662"/>
    <testcase classname="BEVProject_UnitTest_MQC" name="MQC_SignalDesigner_5" time="2.1553"/>
    <testcase classname="BEVProject_UnitTest_MQC" name="MQC_Utility_1" time="1.6153"/>
    <testcase classname="BEVProject_UnitTest_MQC" name="MQC_Utility_2" time="0.0087148"/>
    <testcase classname="BEVProject_UnitTest_MQC" name="MQC_Utility_3" time="13.6612"/>
    <testcase classname="BEVProject_UnitTest_MQC" name="MQC_Utility_4" time="0.31795"/>
  </testsuite>
</testsuites>
