<?xml version="1.0" encoding="UTF-8" standalone="no" ?>
<testsuites>
  <testsuite errors="0" failures="0" name="BEV_UnitTest_MQC" skipped="0" tests="15" time="142.9548">
    <testcase classname="BEV_UnitTest_MQC" name="MQC_CallbackButtons_1" time="6.3696"/>
    <testcase classname="BEV_UnitTest_MQC" name="MQC_TopFolder_1" time="11.4633"/>
    <testcase classname="BEV_UnitTest_MQC" name="MQC_TopFolder_2" time="0.2564"/>
    <testcase classname="BEV_UnitTest_MQC" name="MQC_TopFolder_3" time="13.6464"/>
    <testcase classname="BEV_UnitTest_MQC" name="MQC_SimulationCases_1_1" time="9.387"/>
    <testcase classname="BEV_UnitTest_MQC" name="MQC_SimulationCases_1_2" time="24.1651"/>
    <testcase classname="BEV_UnitTest_MQC" name="MQC_SimulationCases_1_3" time="10.0514"/>
    <testcase classname="BEV_UnitTest_MQC" name="MQC_SimulationCases_1_4" time="10.7004"/>
    <testcase classname="BEV_UnitTest_MQC" name="MQC_SimulationCases_1_5" time="15.0254"/>
    <testcase classname="BEV_UnitTest_MQC" name="MQC_SimulationCases_2_1" time="11.3435"/>
    <testcase classname="BEV_UnitTest_MQC" name="MQC_SimulationCases_2_2" time="12.1333"/>
    <testcase classname="BEV_UnitTest_MQC" name="MQC_Configuration_1" time="1.0552"/>
    <testcase classname="BEV_UnitTest_MQC" name="MQC_Configuration_2" time="1.9129"/>
    <testcase classname="BEV_UnitTest_MQC" name="MQC_Utility_1" time="0.0062"/>
    <testcase classname="BEV_UnitTest_MQC" name="MQC_Utility_2" time="15.4387"/>
  </testsuite>
  <testsuite errors="0" failures="0" name="BatteryHV_UnitTest" skipped="0" tests="3" time="1.9363">
    <testcase classname="BatteryHV_UnitTest" name="blockParameters_BatteryHV_Basic" time="0.54552"/>
    <testcase classname="BatteryHV_UnitTest" name="blockParameters_BatteryHV_Driveline" time="0.54797"/>
    <testcase classname="BatteryHV_UnitTest" name="blockParameters_BatteryHV_Electrical" time="0.84283"/>
  </testsuite>
  <testsuite errors="0" failures="0" name="BatteryHV_UnitTest_MQC" skipped="0" tests="43" time="65.2404">
    <testcase classname="BatteryHV_UnitTest_MQC" name="MQC_CallbackButtons_1" time="2.1971"/>
    <testcase classname="BatteryHV_UnitTest_MQC" name="MQC_Harness_2" time="2.1775"/>
    <testcase classname="BatteryHV_UnitTest_MQC" name="MQC_Harness_3" time="2.1358"/>
    <testcase classname="BatteryHV_UnitTest_MQC" name="MQC_Harness_4" time="2.1596"/>
    <testcase classname="BatteryHV_UnitTest_MQC" name="MQC_Model_TableBased_1" time="0.75847"/>
    <testcase classname="BatteryHV_UnitTest_MQC" name="MQC_Model_TableBased_2" time="1.1052"/>
    <testcase classname="BatteryHV_UnitTest_MQC" name="MQC_SimulationCase_1" time="4.2005"/>
    <testcase classname="BatteryHV_UnitTest_MQC" name="MQC_SimulationCase_2" time="3.9449"/>
    <testcase classname="BatteryHV_UnitTest_MQC" name="MQC_SimulationCase_3" time="3.9316"/>
    <testcase classname="BatteryHV_UnitTest_MQC" name="MQC_SimulationCase_4" time="3.8273"/>
    <testcase classname="BatteryHV_UnitTest_MQC" name="MQC_Configuration_1" time="0.21006"/>
    <testcase classname="BatteryHV_UnitTest_MQC" name="MQC_Configuration_2" time="0.20038"/>
    <testcase classname="BatteryHV_UnitTest_MQC" name="MQC_Configuration_3" time="0.26489"/>
    <testcase classname="BatteryHV_UnitTest_MQC" name="MQC_Configuration_4" time="0.18049"/>
    <testcase classname="BatteryHV_UnitTest_MQC" name="MQC_Configuration_5" time="0.27164"/>
    <testcase classname="BatteryHV_UnitTest_MQC" name="MQC_Configuration_6" time="0.0091475"/>
    <testcase classname="BatteryHV_UnitTest_MQC" name="MQC_Configuration_7" time="0.52501"/>
    <testcase classname="BatteryHV_UnitTest_MQC" name="MQC_Configuration_8" time="0.50177"/>
    <testcase classname="BatteryHV_UnitTest_MQC" name="MQC_Configuration_9" time="0.54474"/>
    <testcase classname="BatteryHV_UnitTest_MQC" name="MQC_Configuration_10" time="0.51286"/>
    <testcase classname="BatteryHV_UnitTest_MQC" name="MQC_Configuration_11" time="0.33598"/>
    <testcase classname="BatteryHV_UnitTest_MQC" name="MQC_Utility_1" time="0.0049104"/>
    <testcase classname="BatteryHV_UnitTest_MQC" name="MQC_Utility_2" time="0.0071126"/>
    <testcase classname="BatteryHV_UnitTest_MQC" name="MQC_Utility_3" time="0.43007"/>
    <testcase classname="BatteryHV_UnitTest_MQC" name="MQC_Utility_4" time="0.60175"/>
    <testcase classname="BatteryHV_UnitTest_MQC" name="MQC_Utility_5" time="3.9371"/>
    <testcase classname="BatteryHV_UnitTest_MQC" name="MQC_TopFolder_1" time="0.0076877"/>
    <testcase classname="BatteryHV_UnitTest_MQC" name="MQC_TopFolder_2" time="0.01071"/>
    <testcase classname="BatteryHV_UnitTest_MQC" name="MQC_TopFolder_3" time="0.0097888"/>
    <testcase classname="BatteryHV_UnitTest_MQC" name="MQC_TopFolder_4" time="0.012566"/>
    <testcase classname="BatteryHV_UnitTest_MQC" name="MQC_TopFolder_5" time="0.022972"/>
    <testcase classname="BatteryHV_UnitTest_MQC" name="MQC_Harness_combination_1(useRefSubFunction=@BatteryHV_useRefsub_Basic,loadSimulationCaseFunction=@BatteryHV_loadSimulationCase_Constant)" time="2.117"/>
    <testcase classname="BatteryHV_UnitTest_MQC" name="MQC_Harness_combination_1(useRefSubFunction=@BatteryHV_useRefsub_Basic,loadSimulationCaseFunction=@BatteryHV_loadSimulationCase_Charge)" time="2.1318"/>
    <testcase classname="BatteryHV_UnitTest_MQC" name="MQC_Harness_combination_1(useRefSubFunction=@BatteryHV_useRefsub_Basic,loadSimulationCaseFunction=@BatteryHV_loadSimulationCase_Discharge)" time="1.9774"/>
    <testcase classname="BatteryHV_UnitTest_MQC" name="MQC_Harness_combination_1(useRefSubFunction=@BatteryHV_useRefsub_Basic,loadSimulationCaseFunction=@BatteryHV_loadSimulationCase_Random)" time="2.1371"/>
    <testcase classname="BatteryHV_UnitTest_MQC" name="MQC_Harness_combination_1(useRefSubFunction=@BatteryHV_useRefsub_SystemSimple,loadSimulationCaseFunction=@BatteryHV_loadSimulationCase_Constant)" time="2.3962"/>
    <testcase classname="BatteryHV_UnitTest_MQC" name="MQC_Harness_combination_1(useRefSubFunction=@BatteryHV_useRefsub_SystemSimple,loadSimulationCaseFunction=@BatteryHV_loadSimulationCase_Charge)" time="2.4851"/>
    <testcase classname="BatteryHV_UnitTest_MQC" name="MQC_Harness_combination_1(useRefSubFunction=@BatteryHV_useRefsub_SystemSimple,loadSimulationCaseFunction=@BatteryHV_loadSimulationCase_Discharge)" time="2.3849"/>
    <testcase classname="BatteryHV_UnitTest_MQC" name="MQC_Harness_combination_1(useRefSubFunction=@BatteryHV_useRefsub_SystemSimple,loadSimulationCaseFunction=@BatteryHV_loadSimulationCase_Random)" time="2.4739"/>
    <testcase classname="BatteryHV_UnitTest_MQC" name="MQC_Harness_combination_1(useRefSubFunction=@BatteryHV_useRefsub_System,loadSimulationCaseFunction=@BatteryHV_loadSimulationCase_Constant)" time="3.1452"/>
    <testcase classname="BatteryHV_UnitTest_MQC" name="MQC_Harness_combination_1(useRefSubFunction=@BatteryHV_useRefsub_System,loadSimulationCaseFunction=@BatteryHV_loadSimulationCase_Charge)" time="2.9615"/>
    <testcase classname="BatteryHV_UnitTest_MQC" name="MQC_Harness_combination_1(useRefSubFunction=@BatteryHV_useRefsub_System,loadSimulationCaseFunction=@BatteryHV_loadSimulationCase_Discharge)" time="2.9282"/>
    <testcase classname="BatteryHV_UnitTest_MQC" name="MQC_Harness_combination_1(useRefSubFunction=@BatteryHV_useRefsub_System,loadSimulationCaseFunction=@BatteryHV_loadSimulationCase_Random)" time="3.0626"/>
  </testsuite>
  <testsuite errors="0" failures="0" name="BEVController_UnitTest_MQC" skipped="0" tests="4" time="2.0287">
    <testcase classname="BEVController_UnitTest_MQC" name="MQC_Harness_1" time="0.64621"/>
    <testcase classname="BEVController_UnitTest_MQC" name="MQC_Harness_2" time="0.0033828"/>
    <testcase classname="BEVController_UnitTest_MQC" name="MQC_SimulationCase_1" time="1.3755"/>
    <testcase classname="BEVController_UnitTest_MQC" name="MQC_TopFolder_1" time="0.0035961"/>
  </testsuite>
  <testsuite errors="0" failures="0" name="CtrlEnv_UnitTest_MQC" skipped="0" tests="15" time="88.2063">
    <testcase classname="CtrlEnv_UnitTest_MQC" name="MQC_CallbackButtons_1" time="5.1338"/>
    <testcase classname="CtrlEnv_UnitTest_MQC" name="MQC_Harness_1" time="9.4876"/>
    <testcase classname="CtrlEnv_UnitTest_MQC" name="MQC_Harness_2" time="0.0051283"/>
    <testcase classname="CtrlEnv_UnitTest_MQC" name="MQC_SimulationCase_1" time="10.3187"/>
    <testcase classname="CtrlEnv_UnitTest_MQC" name="MQC_SimulationCase_2" time="14.6461"/>
    <testcase classname="CtrlEnv_UnitTest_MQC" name="MQC_SimulationCase_3" time="10.6873"/>
    <testcase classname="CtrlEnv_UnitTest_MQC" name="MQC_SimulationCase_4" time="10.026"/>
    <testcase classname="CtrlEnv_UnitTest_MQC" name="MQC_SimulationCase_5" time="13.0692"/>
    <testcase classname="CtrlEnv_UnitTest_MQC" name="MQC_Configuration_1" time="0.31743"/>
    <testcase classname="CtrlEnv_UnitTest_MQC" name="MQC_Configuration_2" time="0.34497"/>
    <testcase classname="CtrlEnv_UnitTest_MQC" name="MQC_Configuration_3" time="0.31932"/>
    <testcase classname="CtrlEnv_UnitTest_MQC" name="MQC_Configuration_4" time="0.30322"/>
    <testcase classname="CtrlEnv_UnitTest_MQC" name="MQC_Configuration_5" time="0.32361"/>
    <testcase classname="CtrlEnv_UnitTest_MQC" name="MQC_Configuration_6" time="0.31305"/>
    <testcase classname="CtrlEnv_UnitTest_MQC" name="MQC_Utility_1" time="12.9108"/>
  </testsuite>
  <testsuite errors="0" failures="0" name="MotorDriveUnit_UnitTest_MQC" skipped="0" tests="43" time="96.6441">
    <testcase classname="MotorDriveUnit_UnitTest_MQC" name="MQC_CallbackButtons_1" time="2.09"/>
    <testcase classname="MotorDriveUnit_UnitTest_MQC" name="MQC_TopFolder_1" time="0.017468"/>
    <testcase classname="MotorDriveUnit_UnitTest_MQC" name="MQC_TopFolder_2" time="0.020474"/>
    <testcase classname="MotorDriveUnit_UnitTest_MQC" name="MQC_TopFolder_3" time="0.018721"/>
    <testcase classname="MotorDriveUnit_UnitTest_MQC" name="MQC_TopFolder_4" time="0.018736"/>
    <testcase classname="MotorDriveUnit_UnitTest_MQC" name="MQC_Configurarion_loadSim_1" time="0.45768"/>
    <testcase classname="MotorDriveUnit_UnitTest_MQC" name="MQC_Configurarion_loadSim_2" time="0.43166"/>
    <testcase classname="MotorDriveUnit_UnitTest_MQC" name="MQC_Configurarion_loadSim_3" time="0.38896"/>
    <testcase classname="MotorDriveUnit_UnitTest_MQC" name="MQC_Configurarion_loadSim_4" time="1.6052"/>
    <testcase classname="MotorDriveUnit_UnitTest_MQC" name="MQC_Configurarion_loadSim_5" time="0.63304"/>
    <testcase classname="MotorDriveUnit_UnitTest_MQC" name="MQC_Configurarion_setInit" time="0.0052161"/>
    <testcase classname="MotorDriveUnit_UnitTest_MQC" name="MQC_Configurarion_useRefsub_1" time="0.37978"/>
    <testcase classname="MotorDriveUnit_UnitTest_MQC" name="MQC_Configurarion_useRefsub_2" time="0.35137"/>
    <testcase classname="MotorDriveUnit_UnitTest_MQC" name="MQC_Configurarion_useRefsub_3" time="0.52162"/>
    <testcase classname="MotorDriveUnit_UnitTest_MQC" name="MQC_Configurarion_useRefsub_4" time="0.52442"/>
    <testcase classname="MotorDriveUnit_UnitTest_MQC" name="MQC_Configurarion_useRefsub_5" time="0.51489"/>
    <testcase classname="MotorDriveUnit_UnitTest_MQC" name="MQC_Harness_1" time="3.697"/>
    <testcase classname="MotorDriveUnit_UnitTest_MQC" name="MQC_Harness_2" time="0.01249"/>
    <testcase classname="MotorDriveUnit_UnitTest_MQC" name="MQC_Notes_1" time="0.73159"/>
    <testcase classname="MotorDriveUnit_UnitTest_MQC" name="MQC_Notes_2" time="0.64452"/>
    <testcase classname="MotorDriveUnit_UnitTest_MQC" name="MQC_TestCases_1" time="7.3399"/>
    <testcase classname="MotorDriveUnit_UnitTest_MQC" name="MQC_TestCases_2" time="6.3162"/>
    <testcase classname="MotorDriveUnit_UnitTest_MQC" name="MQC_TestCases_3" time="6.9574"/>
    <testcase classname="MotorDriveUnit_UnitTest_MQC" name="MQC_TestCases_4" time="4.8557"/>
    <testcase classname="MotorDriveUnit_UnitTest_MQC" name="MQC_Utility_1" time="0.46014"/>
    <testcase classname="MotorDriveUnit_UnitTest_MQC" name="MQC_Utility_2" time="0.11394"/>
    <testcase classname="MotorDriveUnit_UnitTest_MQC" name="MQC_Utility_3" time="0.1497"/>
    <testcase classname="MotorDriveUnit_UnitTest_MQC" name="MQC_Harness_combination_1(useRefSubFunction=@MotorDriveUnit_useRefsub_Basic,loadSimulationCaseFunction=@MotorDriveUnit_loadCase_Constant)" time="2.9516"/>
    <testcase classname="MotorDriveUnit_UnitTest_MQC" name="MQC_Harness_combination_1(useRefSubFunction=@MotorDriveUnit_useRefsub_Basic,loadSimulationCaseFunction=@MotorDriveUnit_loadCase_Drive)" time="3.0221"/>
    <testcase classname="MotorDriveUnit_UnitTest_MQC" name="MQC_Harness_combination_1(useRefSubFunction=@MotorDriveUnit_useRefsub_Basic,loadSimulationCaseFunction=@MotorDriveUnit_loadCase_Random)" time="3.6153"/>
    <testcase classname="MotorDriveUnit_UnitTest_MQC" name="MQC_Harness_combination_1(useRefSubFunction=@MotorDriveUnit_useRefsub_Basic,loadSimulationCaseFunction=@MotorDriveUnit_loadCase_RegenBrake)" time="2.8661"/>
    <testcase classname="MotorDriveUnit_UnitTest_MQC" name="MQC_Harness_combination_1(useRefSubFunction=@MotorDriveUnit_useRefsub_BasicThermal,loadSimulationCaseFunction=@MotorDriveUnit_loadCase_Constant)" time="3.5987"/>
    <testcase classname="MotorDriveUnit_UnitTest_MQC" name="MQC_Harness_combination_1(useRefSubFunction=@MotorDriveUnit_useRefsub_BasicThermal,loadSimulationCaseFunction=@MotorDriveUnit_loadCase_Drive)" time="3.6459"/>
    <testcase classname="MotorDriveUnit_UnitTest_MQC" name="MQC_Harness_combination_1(useRefSubFunction=@MotorDriveUnit_useRefsub_BasicThermal,loadSimulationCaseFunction=@MotorDriveUnit_loadCase_Random)" time="4.344"/>
    <testcase classname="MotorDriveUnit_UnitTest_MQC" name="MQC_Harness_combination_1(useRefSubFunction=@MotorDriveUnit_useRefsub_BasicThermal,loadSimulationCaseFunction=@MotorDriveUnit_loadCase_RegenBrake)" time="3.5485"/>
    <testcase classname="MotorDriveUnit_UnitTest_MQC" name="MQC_Harness_combination_1(useRefSubFunction=@MotorDriveUnit_useRefsub_System,loadSimulationCaseFunction=@MotorDriveUnit_loadCase_Constant)" time="4.1171"/>
    <testcase classname="MotorDriveUnit_UnitTest_MQC" name="MQC_Harness_combination_1(useRefSubFunction=@MotorDriveUnit_useRefsub_System,loadSimulationCaseFunction=@MotorDriveUnit_loadCase_Drive)" time="3.6271"/>
    <testcase classname="MotorDriveUnit_UnitTest_MQC" name="MQC_Harness_combination_1(useRefSubFunction=@MotorDriveUnit_useRefsub_System,loadSimulationCaseFunction=@MotorDriveUnit_loadCase_Random)" time="4.2969"/>
    <testcase classname="MotorDriveUnit_UnitTest_MQC" name="MQC_Harness_combination_1(useRefSubFunction=@MotorDriveUnit_useRefsub_System,loadSimulationCaseFunction=@MotorDriveUnit_loadCase_RegenBrake)" time="3.7086"/>
    <testcase classname="MotorDriveUnit_UnitTest_MQC" name="MQC_Harness_combination_1(useRefSubFunction=@MotorDriveUnit_useRefsub_SystemTable,loadSimulationCaseFunction=@MotorDriveUnit_loadCase_Constant)" time="3.5698"/>
    <testcase classname="MotorDriveUnit_UnitTest_MQC" name="MQC_Harness_combination_1(useRefSubFunction=@MotorDriveUnit_useRefsub_SystemTable,loadSimulationCaseFunction=@MotorDriveUnit_loadCase_Drive)" time="3.3128"/>
    <testcase classname="MotorDriveUnit_UnitTest_MQC" name="MQC_Harness_combination_1(useRefSubFunction=@MotorDriveUnit_useRefsub_SystemTable,loadSimulationCaseFunction=@MotorDriveUnit_loadCase_Random)" time="3.8284"/>
    <testcase classname="MotorDriveUnit_UnitTest_MQC" name="MQC_Harness_combination_1(useRefSubFunction=@MotorDriveUnit_useRefsub_SystemTable,loadSimulationCaseFunction=@MotorDriveUnit_loadCase_RegenBrake)" time="3.3335"/>
  </testsuite>
  <testsuite errors="0" failures="0" name="Vehicle1D_UnitTest_MQC" skipped="0" tests="16" time="33.8477">
    <testcase classname="Vehicle1D_UnitTest_MQC" name="MQC_topfolder_1" time="0.010076"/>
    <testcase classname="Vehicle1D_UnitTest_MQC" name="MQC_Configuation_1" time="0.33304"/>
    <testcase classname="Vehicle1D_UnitTest_MQC" name="MQC_Configuation_2" time="0.29728"/>
    <testcase classname="Vehicle1D_UnitTest_MQC" name="MQC_Configuation_3" time="0.33539"/>
    <testcase classname="Vehicle1D_UnitTest_MQC" name="MQC_Configuation_4" time="0.38093"/>
    <testcase classname="Vehicle1D_UnitTest_MQC" name="MQC_Configuation_5" time="0.33095"/>
    <testcase classname="Vehicle1D_UnitTest_MQC" name="MQC_Harness_1" time="0.0048881"/>
    <testcase classname="Vehicle1D_UnitTest_MQC" name="MQC_TestCase_1" time="4.4912"/>
    <testcase classname="Vehicle1D_UnitTest_MQC" name="MQC_TestCase_2" time="4.4044"/>
    <testcase classname="Vehicle1D_UnitTest_MQC" name="MQC_TestCase_3" time="4.1454"/>
    <testcase classname="Vehicle1D_UnitTest_MQC" name="MQC_TestCase_4" time="4.1616"/>
    <testcase classname="Vehicle1D_UnitTest_MQC" name="MQC_Utility_1" time="4.2254"/>
    <testcase classname="Vehicle1D_UnitTest_MQC" name="MQC_Utility_2" time="1.1985"/>
    <testcase classname="Vehicle1D_UnitTest_MQC" name="MQC_Utility_3" time="4.9079"/>
    <testcase classname="Vehicle1D_UnitTest_MQC" name="MQC_Utility_4" time="4.2793"/>
    <testcase classname="Vehicle1D_UnitTest_MQC" name="MQC_Utility_5" time="0.34145"/>
  </testsuite>
  <testsuite errors="0" failures="0" name="VehSpdRef_UnitTest_MQC" skipped="0" tests="6" time="25.6282">
    <testcase classname="VehSpdRef_UnitTest_MQC" name="MQC_SimulationCase_1" time="5.0897"/>
    <testcase classname="VehSpdRef_UnitTest_MQC" name="MQC_SimulationCase_2" time="3.9626"/>
    <testcase classname="VehSpdRef_UnitTest_MQC" name="MQC_SimulationCase_3" time="4.1629"/>
    <testcase classname="VehSpdRef_UnitTest_MQC" name="MQC_SimulationCase_4" time="4.1485"/>
    <testcase classname="VehSpdRef_UnitTest_MQC" name="MQC_SimulationCase_5" time="3.9409"/>
    <testcase classname="VehSpdRef_UnitTest_MQC" name="MQC_Utility_1" time="4.3236"/>
  </testsuite>
  <testsuite errors="0" failures="0" name="BEVProject_UnitTest_MQC" skipped="0" tests="9" time="19.2125">
    <testcase classname="BEVProject_UnitTest_MQC" name="MQC_SignalDesigner_1" time="0.031203"/>
    <testcase classname="BEVProject_UnitTest_MQC" name="MQC_SignalDesigner_2" time="0.0087115"/>
    <testcase classname="BEVProject_UnitTest_MQC" name="MQC_SignalDesigner_3" time="1.918"/>
    <testcase classname="BEVProject_UnitTest_MQC" name="MQC_SignalDesigner_4" time="0.016819"/>
    <testcase classname="BEVProject_UnitTest_MQC" name="MQC_SignalDesigner_5" time="2.4063"/>
    <testcase classname="BEVProject_UnitTest_MQC" name="MQC_Utility_1" time="1.5025"/>
    <testcase classname="BEVProject_UnitTest_MQC" name="MQC_Utility_2" time="0.0078696"/>
    <testcase classname="BEVProject_UnitTest_MQC" name="MQC_Utility_3" time="12.8475"/>
    <testcase classname="BEVProject_UnitTest_MQC" name="MQC_Utility_4" time="0.47351"/>
  </testsuite>
</testsuites>
