<?xml version="1.0" encoding="UTF-8" standalone="no" ?>
<testsuites>
  <testsuite errors="0" failures="0" name="BatteryHV_UnitTest" skipped="0" tests="3" time="4.5232">
    <testcase classname="BatteryHV_UnitTest" name="blockParameters_BatteryHV_Basic" time="1.9112"/>
    <testcase classname="BatteryHV_UnitTest" name="blockParameters_BatteryHV_Driveline" time="0.76622"/>
    <testcase classname="BatteryHV_UnitTest" name="blockParameters_BatteryHV_Electrical" time="1.8457"/>
  </testsuite>
  <testsuite errors="0" failures="0" name="BatteryHV_UnitTest_MQC" skipped="0" tests="43" time="71.4557">
    <testcase classname="BatteryHV_UnitTest_MQC" name="MQC_CallbackButtons_1" time="2.1309"/>
    <testcase classname="BatteryHV_UnitTest_MQC" name="MQC_Harness_2" time="3.2553"/>
    <testcase classname="BatteryHV_UnitTest_MQC" name="MQC_Harness_3" time="2.3413"/>
    <testcase classname="BatteryHV_UnitTest_MQC" name="MQC_Harness_4" time="2.5232"/>
    <testcase classname="BatteryHV_UnitTest_MQC" name="MQC_Model_TableBased_1" time="0.96568"/>
    <testcase classname="BatteryHV_UnitTest_MQC" name="MQC_Model_TableBased_2" time="1.1965"/>
    <testcase classname="BatteryHV_UnitTest_MQC" name="MQC_SimulationCase_1" time="5.1555"/>
    <testcase classname="BatteryHV_UnitTest_MQC" name="MQC_SimulationCase_2" time="4.4882"/>
    <testcase classname="BatteryHV_UnitTest_MQC" name="MQC_SimulationCase_3" time="3.9375"/>
    <testcase classname="BatteryHV_UnitTest_MQC" name="MQC_SimulationCase_4" time="4.1019"/>
    <testcase classname="BatteryHV_UnitTest_MQC" name="MQC_Configuration_1" time="0.241"/>
    <testcase classname="BatteryHV_UnitTest_MQC" name="MQC_Configuration_2" time="0.19577"/>
    <testcase classname="BatteryHV_UnitTest_MQC" name="MQC_Configuration_3" time="0.21367"/>
    <testcase classname="BatteryHV_UnitTest_MQC" name="MQC_Configuration_4" time="0.20817"/>
    <testcase classname="BatteryHV_UnitTest_MQC" name="MQC_Configuration_5" time="0.27866"/>
    <testcase classname="BatteryHV_UnitTest_MQC" name="MQC_Configuration_6" time="0.004568"/>
    <testcase classname="BatteryHV_UnitTest_MQC" name="MQC_Configuration_7" time="0.4468"/>
    <testcase classname="BatteryHV_UnitTest_MQC" name="MQC_Configuration_8" time="0.45564"/>
    <testcase classname="BatteryHV_UnitTest_MQC" name="MQC_Configuration_9" time="0.45911"/>
    <testcase classname="BatteryHV_UnitTest_MQC" name="MQC_Configuration_10" time="0.55961"/>
    <testcase classname="BatteryHV_UnitTest_MQC" name="MQC_Configuration_11" time="0.43192"/>
    <testcase classname="BatteryHV_UnitTest_MQC" name="MQC_Utility_1" time="0.0043154"/>
    <testcase classname="BatteryHV_UnitTest_MQC" name="MQC_Utility_2" time="0.0065814"/>
    <testcase classname="BatteryHV_UnitTest_MQC" name="MQC_Utility_3" time="0.47373"/>
    <testcase classname="BatteryHV_UnitTest_MQC" name="MQC_Utility_4" time="0.54422"/>
    <testcase classname="BatteryHV_UnitTest_MQC" name="MQC_Utility_5" time="3.8345"/>
    <testcase classname="BatteryHV_UnitTest_MQC" name="MQC_TopFolder_1" time="0.0064061"/>
    <testcase classname="BatteryHV_UnitTest_MQC" name="MQC_TopFolder_2" time="0.011341"/>
    <testcase classname="BatteryHV_UnitTest_MQC" name="MQC_TopFolder_3" time="0.0076176"/>
    <testcase classname="BatteryHV_UnitTest_MQC" name="MQC_TopFolder_4" time="0.0084483"/>
    <testcase classname="BatteryHV_UnitTest_MQC" name="MQC_TopFolder_5" time="0.018468"/>
    <testcase classname="BatteryHV_UnitTest_MQC" name="MQC_Harness_combination_1(useRefSubFunction=@BatteryHV_useRefsub_Basic,loadSimulationCaseFunction=@BatteryHV_loadSimulationCase_Constant)" time="2.22"/>
    <testcase classname="BatteryHV_UnitTest_MQC" name="MQC_Harness_combination_1(useRefSubFunction=@BatteryHV_useRefsub_Basic,loadSimulationCaseFunction=@BatteryHV_loadSimulationCase_Charge)" time="2.1884"/>
    <testcase classname="BatteryHV_UnitTest_MQC" name="MQC_Harness_combination_1(useRefSubFunction=@BatteryHV_useRefsub_Basic,loadSimulationCaseFunction=@BatteryHV_loadSimulationCase_Discharge)" time="2.1593"/>
    <testcase classname="BatteryHV_UnitTest_MQC" name="MQC_Harness_combination_1(useRefSubFunction=@BatteryHV_useRefsub_Basic,loadSimulationCaseFunction=@BatteryHV_loadSimulationCase_Random)" time="2.3478"/>
    <testcase classname="BatteryHV_UnitTest_MQC" name="MQC_Harness_combination_1(useRefSubFunction=@BatteryHV_useRefsub_SystemSimple,loadSimulationCaseFunction=@BatteryHV_loadSimulationCase_Constant)" time="2.5911"/>
    <testcase classname="BatteryHV_UnitTest_MQC" name="MQC_Harness_combination_1(useRefSubFunction=@BatteryHV_useRefsub_SystemSimple,loadSimulationCaseFunction=@BatteryHV_loadSimulationCase_Charge)" time="2.7257"/>
    <testcase classname="BatteryHV_UnitTest_MQC" name="MQC_Harness_combination_1(useRefSubFunction=@BatteryHV_useRefsub_SystemSimple,loadSimulationCaseFunction=@BatteryHV_loadSimulationCase_Discharge)" time="2.6824"/>
    <testcase classname="BatteryHV_UnitTest_MQC" name="MQC_Harness_combination_1(useRefSubFunction=@BatteryHV_useRefsub_SystemSimple,loadSimulationCaseFunction=@BatteryHV_loadSimulationCase_Random)" time="2.6788"/>
    <testcase classname="BatteryHV_UnitTest_MQC" name="MQC_Harness_combination_1(useRefSubFunction=@BatteryHV_useRefsub_System,loadSimulationCaseFunction=@BatteryHV_loadSimulationCase_Constant)" time="3.4443"/>
    <testcase classname="BatteryHV_UnitTest_MQC" name="MQC_Harness_combination_1(useRefSubFunction=@BatteryHV_useRefsub_System,loadSimulationCaseFunction=@BatteryHV_loadSimulationCase_Charge)" time="3.2805"/>
    <testcase classname="BatteryHV_UnitTest_MQC" name="MQC_Harness_combination_1(useRefSubFunction=@BatteryHV_useRefsub_System,loadSimulationCaseFunction=@BatteryHV_loadSimulationCase_Discharge)" time="3.2274"/>
    <testcase classname="BatteryHV_UnitTest_MQC" name="MQC_Harness_combination_1(useRefSubFunction=@BatteryHV_useRefsub_System,loadSimulationCaseFunction=@BatteryHV_loadSimulationCase_Random)" time="3.4034"/>
  </testsuite>
</testsuites>
